2024-08-26 08:03:30 [INFO] AnycubicPhotonWorkshop start!
2024-08-26 08:03:30 [INFO] argc:  2
2024-08-26 08:03:30 [WARN] "C:/Program Files/AnycubicPhotonWorkshop"
2024-08-26 08:03:30 [WARN] Successfully init crashpad
2024-08-26 08:03:30 [WARN] Unable to enumerate family ' "Alibaba PuHuiTi 3.0 55 Regular L3" '
2024-08-26 08:03:30 [WARN] Unable to enumerate family ' "Alibaba PuHuiTi 3.0 95 ExtraBold" '
2024-08-26 08:03:30 [INFO] ctk manager plugins:  "C:/Program Files/AnycubicPhotonWorkshop/plugins/"
2024-08-26 08:03:30 [INFO] Load plugin org.commontk.eventadmin success.
2024-08-26 08:03:30 [INFO] [Install Plugin] "C:/Program Files/AnycubicPhotonWorkshop/plugins/splashwindow.dll"
2024-08-26 08:03:30 [INFO] Install Plugin Success!
2024-08-26 08:03:30 [WARN] Unable to enumerate family ' "Alibaba PuHuiTi 3.0 55 Regular L3" '
2024-08-26 08:03:30 [WARN] Unable to enumerate family ' "Alibaba PuHuiTi 3.0 95 ExtraBold" '
2024-08-26 08:03:31 [INFO] [Install Plugin] "C:/Program Files/AnycubicPhotonWorkshop/plugins/printer.dll"
2024-08-26 08:03:31 [INFO] Install Plugin Success!
2024-08-26 08:03:31 [WARN] loadMachineResin currentPrinter(Anycubic Photon Mono M5s) init success.
2024-08-26 08:03:31 [INFO] loadMachineParamRange is success.
2024-08-26 08:03:31 [INFO] loadMachineResinType is success.
2024-08-26 08:03:31 [INFO] loadMachineResinName is success.
2024-08-26 08:03:31 [INFO] [Install Plugin] "C:/Program Files/AnycubicPhotonWorkshop/plugins/mainwindow.dll"
2024-08-26 08:03:31 [INFO] Install Plugin Success!
2024-08-26 08:03:31 [INFO] "current server is testserver. 0"
2024-08-26 08:03:31 [INFO] "environment_url is https://workbentch.s3.us-east-2.amazonaws.com/workshop/environment.ini"
2024-08-26 08:03:31 [INFO] QmlFactory 0.041 s
2024-08-26 08:03:31 [INFO] [Install Plugin] "C:/Program Files/AnycubicPhotonWorkshop/plugins/autoupdater.dll"
2024-08-26 08:03:31 [INFO] Install Plugin Success!
2024-08-26 08:03:31 [INFO] [Install Plugin] "C:/Program Files/AnycubicPhotonWorkshop/plugins/gareport.dll"
2024-08-26 08:03:31 [INFO] Install Plugin Success!
2024-08-26 08:03:31 [INFO] [Install Plugin] "C:/Program Files/AnycubicPhotonWorkshop/plugins/accloud.dll"
2024-08-26 08:03:31 [INFO] Install Plugin Success!
2024-08-26 08:03:31 [WARN] ACCloudDataModel::ACCloudDataModel, importTempPath = C:/Users/moito/AppData/Local/Temp/ac_cloud/, dowloadPath = C:/Users/moito/Downloads/ac_cloud/
2024-08-26 08:03:31 [WARN] CountriesDataModel::setCurrCountryIdn, newCurrCountryIdn = CN
2024-08-26 08:03:31 [WARN] void __cdecl ACCloudNetRequest::getCountries(void)
2024-08-26 08:03:31 [WARN] void __cdecl ACCloudNetRequest::getPrintCtrlCodeReasons(void)
2024-08-26 08:03:31 [WARN] ACCloudManager::ACCloudManager, cloud model, build_time = 2024-02-28 17:54:44, git_brance = release/pws3.3, git_hash = d70c34a, git_commit = 2024-02-28
2024-08-26 08:03:31 [INFO] [Install Plugin] "C:/Program Files/AnycubicPhotonWorkshop/plugins/facegen.dll"
2024-08-26 08:03:31 [INFO] Install Plugin Success!
2024-08-26 08:03:31 [WARN] Translation::changedSystemLanguage, language = 0
2024-08-26 08:03:31 [WARN] register  GizmoController
2024-08-26 08:03:32 [WARN] enableMenuShortcut menushort cut: 0
2024-08-26 08:03:32 [INFO] uiState:  false
2024-08-26 08:03:32 [WARN] enableMenuShortcut menushort cut: 0
2024-08-26 08:03:32 [WARN] QFSFileEngine::open: No file name specified
2024-08-26 08:03:32 [WARN] Cannot open file '', because: No file name specified
2024-08-26 08:03:32 [WARN] QFSFileEngine::open: No file name specified
2024-08-26 08:03:32 [WARN] Cannot open file '', because: No file name specified
2024-08-26 08:03:32 [WARN] QFSFileEngine::open: No file name specified
2024-08-26 08:03:32 [WARN] Cannot open file '', because: No file name specified
2024-08-26 08:03:32 [WARN] QFSFileEngine::open: No file name specified
2024-08-26 08:03:32 [WARN] Cannot open file '', because: No file name specified
2024-08-26 08:03:32 [WARN] QFSFileEngine::open: No file name specified
2024-08-26 08:03:32 [WARN] Cannot open file '', because: No file name specified
2024-08-26 08:03:32 [WARN] QFSFileEngine::open: No file name specified
2024-08-26 08:03:32 [WARN] Cannot open file '', because: No file name specified
2024-08-26 08:03:32 [WARN] QFSFileEngine::open: No file name specified
2024-08-26 08:03:32 [WARN] Cannot open file '', because: No file name specified
2024-08-26 08:03:32 [WARN] xChanged 1
2024-08-26 08:03:32 [INFO] event:  "splash_window_visible" data:  QVariant(bool, false) extentionData:  QVariant(Invalid)
2024-08-26 08:03:32 [INFO] event:  "main_load" data:  QVariant(Invalid) extentionData:  QVariant(Invalid)
2024-08-26 08:03:32 [INFO] event:  "main_language_changed" data:  QVariant(int, 0) extentionData:  QVariant(Invalid)
2024-08-26 08:03:32 [INFO] uiState:  true
2024-08-26 08:03:32 [WARN] creating renderer
2024-08-26 08:03:32 [WARN] printer valid --:  109.44 61.44
2024-08-26 08:03:32 [WARN] printer build --:  109.44 61.44
2024-08-26 08:03:32 [WARN] deltaX -- :  0
2024-08-26 08:03:32 [WARN] deltaY -- :  0
2024-08-26 08:03:32 [WARN] machine boarder width 2-------------------- 
2024-08-26 08:03:32 [WARN] create planar shadow node
2024-08-26 08:03:32 [WARN] loadGizmoRotationHead OK 576
2024-08-26 08:03:32 [INFO] osg_scene_root::traverse nv_class =  "" ,name =  "NodeVisitor"
2024-08-26 08:03:32 [INFO] osg_scene_root::traverse nv_class =  "" ,name =  "\"CollectedCoordinateSystemNodesVisitor\""
2024-08-26 08:03:32 [INFO] osg_scene_root::traverse nv_class =  "" ,name =  "ComputeBoundsVisitor"
2024-08-26 08:03:32 [INFO]  camera_manipulator::home
2024-08-26 08:03:32 [INFO]  camera_manipulator::home/ComputeBound
2024-08-26 08:03:32 [INFO]  camera_manipulator::home
2024-08-26 08:03:32 [INFO]  camera_manipulator::home/ComputeBound
2024-08-26 08:03:32 [INFO]  camera_manipulator::home/BoundingSphere
2024-08-26 08:03:32 [INFO] osg_scene_root::traverse nv_class =  "CollectMatchGeodeVisitor" ,name =  "NodeVisitor"
2024-08-26 08:03:32 [INFO]  camera_manipulator::home/udpate_view
2024-08-26 08:03:32 [INFO] osg_scene_root::traverse nv_class =  "" ,name =  "GLObjectsVisitor"
2024-08-26 08:03:32 [WARN] GL Verison:  0x2c78ddf00a8
2024-08-26 08:03:32 [WARN] GL Renderer:  0x2c78de47b1c
2024-08-26 08:03:32 [WARN] compile shader program ok
2024-08-26 08:03:32 [WARN] compile shader program ok
2024-08-26 08:03:32 [WARN] compile shader program ok
2024-08-26 08:03:32 [WARN] AnyGizmos::Im3d_Init      LoadCompileShader Ok
2024-08-26 08:03:32 [WARN] AnyGizmos::Im3d_Init   VAO release Ok
2024-08-26 08:03:32 [INFO] osg_scene_root::traverse nv_class =  "CollectMatchGeodeVisitor" ,name =  "NodeVisitor"
2024-08-26 08:03:32 [INFO] osg_scene_root::traverse nv_class =  "CollectMatchGeodeVisitor" ,name =  "NodeVisitor"
2024-08-26 08:03:32 [WARN] QFSFileEngine::open: No file name specified
2024-08-26 08:03:32 [WARN] Cannot open file '', because: No file name specified
2024-08-26 08:03:32 [WARN] QFSFileEngine::open: No file name specified
2024-08-26 08:03:32 [WARN] Cannot open file '', because: No file name specified
2024-08-26 08:03:32 [INFO] event:  "updater_init_compeleted" data:  QVariant(Invalid) extentionData:  QVariant(Invalid)
2024-08-26 08:03:32 [WARN] QFSFileEngine::open: No file name specified
2024-08-26 08:03:32 [WARN] Cannot open file '', because: No file name specified
2024-08-26 08:03:32 [INFO] osg_scene_root::traverse nv_class =  "CollectMatchGeodeVisitor" ,name =  "NodeVisitor"
2024-08-26 08:03:32 [WARN] QFSFileEngine::open: No file name specified
2024-08-26 08:03:32 [WARN] Cannot open file '', because: No file name specified
2024-08-26 08:03:32 [INFO] osg_scene_root::traverse nv_class =  "CollectMatchGeodeVisitor" ,name =  "NodeVisitor"
2024-08-26 08:03:32 [INFO] osg_scene_root::traverse nv_class =  "CollectMatchGeodeVisitor" ,name =  "NodeVisitor"
2024-08-26 08:03:32 [INFO] osg_scene_root::traverse nv_class =  "CollectMatchGeodeVisitor" ,name =  "NodeVisitor"
2024-08-26 08:03:32 [INFO] osg_scene_root::traverse nv_class =  "CollectMatchGeodeVisitor" ,name =  "NodeVisitor"
2024-08-26 08:03:32 [WARN] void __cdecl ACCloudNetRequest::getCountries(void)
2024-08-26 08:03:32 [WARN] void __cdecl ACCloudNetRequest::getPrintCtrlCodeReasons(void)
2024-08-26 08:03:32 [INFO] osg_scene_root::traverse nv_class =  "CollectMatchGeodeVisitor" ,name =  "NodeVisitor"
2024-08-26 08:03:32 [INFO] event:  "accloud_start_init" data:  QVariant(int, 0) extentionData:  QVariant(int, 0)
2024-08-26 08:03:32 [INFO] parseImportFiles other files: C:\AASTUDI\android\Dockerfile
2024-08-26 08:03:32 [INFO] parseImportFiles other files: C:\AASTUDI\android\Dockerfile
2024-08-26 08:03:32 [WARN] QFSFileEngine::open: No file name specified
2024-08-26 08:03:32 [WARN] Cannot open file '', because: No file name specified
2024-08-26 08:03:32 [INFO] uiState:  false
2024-08-26 08:03:32 [WARN] enableMenuShortcut menushort cut: 32
2024-08-26 08:03:32 [INFO] "doReportImportModelResult!"
2024-08-26 08:03:32 [INFO] event:  "ga_report" data:  QVariant(QByteArray, "{\n    \"business\": \"model_prepare\",\n    \"elementContent\": \"Import Files\",\n    \"elementType\": \"BUTTON\",\n    \"event\": \"ImportModelResult\",\n    \"function\": \"import_model\",\n    \"module\": \"menu_bar\",\n    \"printerType\": \"LCD\",\n    \"title\": \"\"\n}\n") extentionData:  QVariant(QByteArray, "{\n    \"importType\": \"4\",\n    \"modelInformation\": [\n        {\n            \"fileName\": \"Dockerfile\",\n            \"fileSize\": 0,\n            \"fileType\": \"\",\n            \"isSuccess\": 1\n        }\n    ],\n    \"numberOfModel\": 1\n}\n")
2024-08-26 08:03:32 [INFO] "start check autoUpdater!"
2024-08-26 08:03:32 [INFO] event:  "updater_check" data:  QVariant(Invalid) extentionData:  QVariant(Invalid)
2024-08-26 08:03:32 [INFO] send post data success!
2024-08-26 08:03:32 [INFO] osg_scene_root::traverse nv_class =  "CollectMatchGeodeVisitor" ,name =  "NodeVisitor"
2024-08-26 08:03:32 [INFO] sendData:  "{\n    \"appName\": \"AnycubicPhotonWorkshop_V3.3.0\",\n    \"appVersion\": \"v3.3.0\",\n    \"business\": \"\",\n    \"city\": \"0\",\n    \"country\": \"\xE6\xB3\x95\xE5\x9B\xBD\",\n    \"elementContent\": \"\",\n    \"elementType\": \"\",\n    \"eventName\": \"AppStart\",\n    \"function\": \"\",\n    \"isOverseasVersion\": true,\n    \"module\": \"\",\n    \"pcId\": \"095a56ab440900b98322303c83799560\",\n    \"printerType\": \"\",\n    \"province\": \"0\",\n    \"timestamp\": 1724652212,\n    \"title\": \"\",\n    \"userId\": 0\n}\n"
2024-08-26 08:03:32 [INFO] osg_scene_root::traverse nv_class =  "CollectMatchGeodeVisitor" ,name =  "NodeVisitor"
2024-08-26 08:03:32 [WARN] QFSFileEngine::open: No file name specified
2024-08-26 08:03:32 [WARN] Cannot open file '', because: No file name specified
2024-08-26 08:03:32 [WARN] QFSFileEngine::open: No file name specified
2024-08-26 08:03:32 [WARN] Cannot open file '', because: No file name specified
2024-08-26 08:03:32 [WARN] QFSFileEngine::open: No file name specified
2024-08-26 08:03:32 [WARN] Cannot open file '', because: No file name specified
2024-08-26 08:03:33 [INFO] osg_scene_root::traverse nv_class =  "CollectMatchGeodeVisitor" ,name =  "NodeVisitor"
2024-08-26 08:03:33 [INFO] osg_scene_root::traverse nv_class =  "CollectMatchGeodeVisitor" ,name =  "NodeVisitor"
2024-08-26 08:03:33 [INFO] osg_scene_root::traverse nv_class =  "CollectMatchGeodeVisitor" ,name =  "NodeVisitor"
2024-08-26 08:03:33 [WARN] void __cdecl EventMiniHandlerCallback::event(const struct ReasonResponse *,unsigned int)
2024-08-26 08:03:33 [INFO] osg_scene_root::traverse nv_class =  "CollectMatchGeodeVisitor" ,name =  "NodeVisitor"
2024-08-26 08:03:33 [INFO] osg_scene_root::traverse nv_class =  "CollectMatchGeodeVisitor" ,name =  "NodeVisitor"
2024-08-26 08:03:33 [WARN] QFSFileEngine::open: No file name specified
2024-08-26 08:03:33 [WARN] Cannot open file '', because: No file name specified
2024-08-26 08:03:33 [WARN] QFSFileEngine::open: No file name specified
2024-08-26 08:03:33 [WARN] Cannot open file '', because: No file name specified
2024-08-26 08:03:33 [WARN] QFSFileEngine::open: No file name specified
2024-08-26 08:03:33 [WARN] Cannot open file '', because: No file name specified
2024-08-26 08:03:33 [INFO] osg_scene_root::traverse nv_class =  "CollectMatchGeodeVisitor" ,name =  "NodeVisitor"
2024-08-26 08:03:33 [WARN] QFSFileEngine::open: No file name specified
2024-08-26 08:03:33 [WARN] Cannot open file '', because: No file name specified
2024-08-26 08:03:33 [WARN] QFSFileEngine::open: No file name specified
2024-08-26 08:03:33 [WARN] Cannot open file '', because: No file name specified
2024-08-26 08:03:33 [WARN] QFSFileEngine::open: No file name specified
2024-08-26 08:03:33 [WARN] Cannot open file '', because: No file name specified
2024-08-26 08:03:33 [WARN] QFSFileEngine::open: No file name specified
2024-08-26 08:03:33 [WARN] Cannot open file '', because: No file name specified
2024-08-26 08:03:33 [WARN] QFSFileEngine::open: No file name specified
2024-08-26 08:03:33 [WARN] Cannot open file '', because: No file name specified
2024-08-26 08:03:33 [WARN] QFSFileEngine::open: No file name specified
2024-08-26 08:03:33 [WARN] Cannot open file '', because: No file name specified
2024-08-26 08:03:33 [WARN] QFSFileEngine::open: No file name specified
2024-08-26 08:03:33 [WARN] Cannot open file '', because: No file name specified
2024-08-26 08:03:33 [WARN] QFSFileEngine::open: No file name specified
2024-08-26 08:03:33 [WARN] Cannot open file '', because: No file name specified
2024-08-26 08:03:33 [WARN] QFSFileEngine::open: No file name specified
2024-08-26 08:03:33 [WARN] Cannot open file '', because: No file name specified
2024-08-26 08:03:33 [WARN] QFSFileEngine::open: No file name specified
2024-08-26 08:03:33 [WARN] Cannot open file '', because: No file name specified
2024-08-26 08:03:33 [WARN] QFSFileEngine::open: No file name specified
2024-08-26 08:03:33 [WARN] Cannot open file '', because: No file name specified
2024-08-26 08:03:33 [WARN] QFSFileEngine::open: No file name specified
2024-08-26 08:03:33 [WARN] Cannot open file '', because: No file name specified
2024-08-26 08:03:33 [WARN] QFSFileEngine::open: No file name specified
2024-08-26 08:03:33 [WARN] Cannot open file '', because: No file name specified
2024-08-26 08:03:33 [INFO] osg_scene_root::traverse nv_class =  "CollectMatchGeodeVisitor" ,name =  "NodeVisitor"
2024-08-26 08:03:33 [INFO] osg_scene_root::traverse nv_class =  "CollectMatchGeodeVisitor" ,name =  "NodeVisitor"
2024-08-26 08:03:33 [INFO] osg_scene_root::traverse nv_class =  "CollectMatchGeodeVisitor" ,name =  "NodeVisitor"
2024-08-26 08:03:33 [WARN] QFSFileEngine::open: No file name specified
2024-08-26 08:03:33 [WARN] Cannot open file '', because: No file name specified
2024-08-26 08:03:33 [WARN] QFSFileEngine::open: No file name specified
2024-08-26 08:03:33 [WARN] Cannot open file '', because: No file name specified
2024-08-26 08:03:33 [INFO] osg_scene_root::traverse nv_class =  "CollectMatchGeodeVisitor" ,name =  "NodeVisitor"
2024-08-26 08:03:33 [WARN] QFSFileEngine::open: No file name specified
2024-08-26 08:03:33 [WARN] Cannot open file '', because: No file name specified
2024-08-26 08:03:33 [WARN] QFSFileEngine::open: No file name specified
2024-08-26 08:03:33 [WARN] Cannot open file '', because: No file name specified
2024-08-26 08:03:33 [WARN] QFSFileEngine::open: No file name specified
2024-08-26 08:03:33 [WARN] Cannot open file '', because: No file name specified
2024-08-26 08:03:33 [INFO] osg_scene_root::traverse nv_class =  "CollectMatchGeodeVisitor" ,name =  "NodeVisitor"
2024-08-26 08:03:33 [INFO] osg_scene_root::traverse nv_class =  "CollectMatchGeodeVisitor" ,name =  "NodeVisitor"
2024-08-26 08:03:33 [INFO] osg_scene_root::traverse nv_class =  "CollectMatchGeodeVisitor" ,name =  "NodeVisitor"
2024-08-26 08:03:33 [INFO] osg_scene_root::traverse nv_class =  "CollectMatchGeodeVisitor" ,name =  "NodeVisitor"
2024-08-26 08:03:33 [INFO] osg_scene_root::traverse nv_class =  "CollectMatchGeodeVisitor" ,name =  "NodeVisitor"
2024-08-26 08:03:33 [INFO] osg_scene_root::traverse nv_class =  "CollectMatchGeodeVisitor" ,name =  "NodeVisitor"
2024-08-26 08:03:33 [INFO] osg_scene_root::traverse nv_class =  "CollectMatchGeodeVisitor" ,name =  "NodeVisitor"
2024-08-26 08:03:33 [INFO] osg_scene_root::traverse nv_class =  "CollectMatchGeodeVisitor" ,name =  "NodeVisitor"
2024-08-26 08:03:33 [INFO] osg_scene_root::traverse nv_class =  "CollectMatchGeodeVisitor" ,name =  "NodeVisitor"
2024-08-26 08:03:33 [INFO] osg_scene_root::traverse nv_class =  "CollectMatchGeodeVisitor" ,name =  "NodeVisitor"
2024-08-26 08:03:33 [WARN] QFSFileEngine::open: No file name specified
2024-08-26 08:03:33 [WARN] Cannot open file '', because: No file name specified
2024-08-26 08:03:33 [WARN] QFSFileEngine::open: No file name specified
2024-08-26 08:03:33 [WARN] Cannot open file '', because: No file name specified
2024-08-26 08:03:33 [INFO] sendData:  "{\n    \"appName\": \"AnycubicPhotonWorkshop_V3.3.0\",\n    \"appVersion\": \"v3.3.0\",\n    \"business\": \"\",\n    \"city\": \"0\",\n    \"country\": \"\xE6\xB3\x95\xE5\x9B\xBD\",\n    \"elementContent\": \"\",\n    \"elementType\": \"\",\n    \"eventName\": \"ImportModelResult\",\n    \"function\": \"\",\n    \"isOverseasVersion\": true,\n    \"module\": \"\",\n    \"pcId\": \"095a56ab440900b98322303c83799560\",\n    \"printerType\": \"\",\n    \"province\": \"0\",\n    \"timestamp\": 1724652213,\n    \"title\": \"\",\n    \"userId\": 0\n}\n"
2024-08-26 08:03:33 [WARN] void __cdecl PrintersDataModel::onReasonResponse(const struct ReasonResponse *,int)
count = 220
2024-08-26 08:03:33 [WARN] void __cdecl EventMiniHandlerCallback::event(const struct ReasonResponse *,unsigned int)
2024-08-26 08:03:33 [WARN] void __cdecl PrintersDataModel::onReasonResponse(const struct ReasonResponse *,int)
count = 220
2024-08-26 08:03:33 [INFO] send post data success!
2024-08-26 08:03:33 [INFO] send post data success!
2024-08-26 08:03:33 [INFO] uiState:  false
2024-08-26 08:03:35 [INFO] uiState:  false
2024-08-26 08:03:36 [INFO] uiState:  true
2024-08-26 08:03:36 [WARN] enableMenuShortcut menushort cut: 0
2024-08-26 08:03:37 [INFO] scene modifyed:  false
2024-08-26 08:03:37 [INFO] save support file is success!
2024-08-26 08:03:38 [INFO] AnycubicPhotonWorkshop end!
2024-08-26 08:03:38 [WARN] QThreadStorage: Thread 0x2c7fa17ec60 exited after QThreadStorage 7 destroyed
